Traceback (most recent call last):
  File "/Users/kt_imacpro/.pyenv/versions/3.8.5/lib/python3.8/site-packages/jupyter_cache/executors/utils.py", line 58, in single_nb_execution
    executenb(
  File "/Users/kt_imacpro/.pyenv/versions/3.8.5/lib/python3.8/site-packages/nbclient/client.py", line 1082, in execute
    return NotebookClient(nb=nb, resources=resources, km=km, **kwargs).execute()
  File "/Users/kt_imacpro/.pyenv/versions/3.8.5/lib/python3.8/site-packages/nbclient/util.py", line 74, in wrapped
    return just_run(coro(*args, **kwargs))
  File "/Users/kt_imacpro/.pyenv/versions/3.8.5/lib/python3.8/site-packages/nbclient/util.py", line 53, in just_run
    return loop.run_until_complete(coro)
  File "/Users/kt_imacpro/.pyenv/versions/3.8.5/lib/python3.8/asyncio/base_events.py", line 616, in run_until_complete
    return future.result()
  File "/Users/kt_imacpro/.pyenv/versions/3.8.5/lib/python3.8/site-packages/nbclient/client.py", line 535, in async_execute
    await self.async_execute_cell(
  File "/Users/kt_imacpro/.pyenv/versions/3.8.5/lib/python3.8/site-packages/nbclient/client.py", line 827, in async_execute_cell
    self._check_raise_for_error(cell, exec_reply)
  File "/Users/kt_imacpro/.pyenv/versions/3.8.5/lib/python3.8/site-packages/nbclient/client.py", line 735, in _check_raise_for_error
    raise CellExecutionError.from_cell_and_msg(cell, exec_reply['content'])
nbclient.exceptions.CellExecutionError: An error occurred while executing the following cell:
------------------
from lifelines import KaplanMeierFitter
kmf = KaplanMeierFitter()
kmf.fit(T, event_observed=E, label='lung')
kmf.survival_function_
kmf.plot_survival_function()
------------------

[0;31m---------------------------------------------------------------------------[0m
[0;31mAttributeError[0m                            Traceback (most recent call last)
[0;32m<ipython-input-5-6444da973a8d>[0m in [0;36m<module>[0;34m[0m
[0;32m----> 1[0;31m [0;32mfrom[0m [0mlifelines[0m [0;32mimport[0m [0mKaplanMeierFitter[0m[0;34m[0m[0;34m[0m[0m
[0m[1;32m      2[0m [0mkmf[0m [0;34m=[0m [0mKaplanMeierFitter[0m[0;34m([0m[0;34m)[0m[0;34m[0m[0;34m[0m[0m
[1;32m      3[0m [0mkmf[0m[0;34m.[0m[0mfit[0m[0;34m([0m[0mT[0m[0;34m,[0m [0mevent_observed[0m[0;34m=[0m[0mE[0m[0;34m,[0m [0mlabel[0m[0;34m=[0m[0;34m'lung'[0m[0;34m)[0m[0;34m[0m[0;34m[0m[0m
[1;32m      4[0m [0mkmf[0m[0;34m.[0m[0msurvival_function_[0m[0;34m[0m[0;34m[0m[0m
[1;32m      5[0m [0mkmf[0m[0;34m.[0m[0mplot_survival_function[0m[0;34m([0m[0;34m)[0m[0;34m[0m[0;34m[0m[0m

[0;32m~/.pyenv/versions/3.8.5/lib/python3.8/site-packages/lifelines/__init__.py[0m in [0;36m<module>[0;34m[0m
[1;32m      3[0m [0;34m[0m[0m
[1;32m      4[0m [0;32mfrom[0m [0mtyping[0m [0;32mimport[0m [0mList[0m[0;34m[0m[0;34m[0m[0m
[0;32m----> 5[0;31m [0;32mfrom[0m [0mlifelines[0m[0;34m.[0m[0mfitters[0m[0;34m.[0m[0mweibull_fitter[0m [0;32mimport[0m [0mWeibullFitter[0m[0;34m[0m[0;34m[0m[0m
[0m[1;32m      6[0m [0;32mfrom[0m [0mlifelines[0m[0;34m.[0m[0mfitters[0m[0;34m.[0m[0mexponential_fitter[0m [0;32mimport[0m [0mExponentialFitter[0m[0;34m[0m[0;34m[0m[0m
[1;32m      7[0m [0;32mfrom[0m [0mlifelines[0m[0;34m.[0m[0mfitters[0m[0;34m.[0m[0mnelson_aalen_fitter[0m [0;32mimport[0m [0mNelsonAalenFitter[0m[0;34m[0m[0;34m[0m[0m

[0;32m~/.pyenv/versions/3.8.5/lib/python3.8/site-packages/lifelines/fitters/__init__.py[0m in [0;36m<module>[0;34m[0m
[1;32m     12[0m [0;32mimport[0m [0mnumpy[0m [0;32mas[0m [0mnp[0m[0;34m[0m[0;34m[0m[0m
[1;32m     13[0m [0;34m[0m[0m
[0;32m---> 14[0;31m [0;32mfrom[0m [0mautograd[0m [0;32mimport[0m [0mhessian[0m[0;34m,[0m [0mvalue_and_grad[0m[0;34m,[0m [0melementwise_grad[0m [0;32mas[0m [0megrad[0m[0;34m,[0m [0mgrad[0m[0;34m[0m[0;34m[0m[0m
[0m[1;32m     15[0m [0;32mfrom[0m [0mautograd[0m[0;34m.[0m[0mdifferential_operators[0m [0;32mimport[0m [0mmake_jvp_reversemode[0m[0;34m[0m[0;34m[0m[0m
[1;32m     16[0m [0;32mfrom[0m [0mautograd[0m[0;34m.[0m[0mmisc[0m [0;32mimport[0m [0mflatten[0m[0;34m[0m[0;34m[0m[0m

[0;32m~/.pyenv/versions/3.8.5/lib/python3.8/site-packages/autograd/__init__.py[0m in [0;36m<module>[0;34m[0m
[1;32m      1[0m [0;32mfrom[0m [0m__future__[0m [0;32mimport[0m [0mabsolute_import[0m[0;34m[0m[0;34m[0m[0m
[0;32m----> 2[0;31m from .differential_operators import (
[0m[1;32m      3[0m     [0mmake_vjp[0m[0;34m,[0m [0mgrad[0m[0;34m,[0m [0mmultigrad_dict[0m[0;34m,[0m [0melementwise_grad[0m[0;34m,[0m [0mvalue_and_grad[0m[0;34m,[0m[0;34m[0m[0;34m[0m[0m
[1;32m      4[0m     [0mgrad_and_aux[0m[0;34m,[0m [0mhessian_tensor_product[0m[0;34m,[0m [0mhessian_vector_product[0m[0;34m,[0m [0mhessian[0m[0;34m,[0m[0;34m[0m[0;34m[0m[0m
[1;32m      5[0m     [0mjacobian[0m[0;34m,[0m [0mtensor_jacobian_product[0m[0;34m,[0m [0mvector_jacobian_product[0m[0;34m,[0m [0mgrad_named[0m[0;34m,[0m[0;34m[0m[0;34m[0m[0m

[0;32m~/.pyenv/versions/3.8.5/lib/python3.8/site-packages/autograd/differential_operators.py[0m in [0;36m<module>[0;34m[0m
[1;32m     11[0m [0;32mfrom[0m [0;34m.[0m[0mextend[0m [0;32mimport[0m [0mprimitive[0m[0;34m,[0m [0mdefvjp_argnum[0m[0;34m,[0m [0mvspace[0m[0;34m[0m[0;34m[0m[0m
[1;32m     12[0m [0;34m[0m[0m
[0;32m---> 13[0;31m [0;32mimport[0m [0mautograd[0m[0;34m.[0m[0mnumpy[0m [0;32mas[0m [0mnp[0m[0;34m[0m[0;34m[0m[0m
[0m[1;32m     14[0m [0;34m[0m[0m
[1;32m     15[0m [0mmake_vjp[0m [0;34m=[0m [0munary_to_nary[0m[0;34m([0m[0m_make_vjp[0m[0;34m)[0m[0;34m[0m[0;34m[0m[0m

[0;32m~/.pyenv/versions/3.8.5/lib/python3.8/site-packages/autograd/numpy/__init__.py[0m in [0;36m<module>[0;34m[0m
[1;32m      1[0m [0;32mfrom[0m [0m__future__[0m [0;32mimport[0m [0mabsolute_import[0m[0;34m[0m[0;34m[0m[0m
[0;32m----> 2[0;31m [0;32mfrom[0m [0;34m.[0m[0mnumpy_wrapper[0m [0;32mimport[0m [0;34m*[0m[0;34m[0m[0;34m[0m[0m
[0m[1;32m      3[0m [0;32mfrom[0m [0;34m.[0m [0;32mimport[0m [0mnumpy_boxes[0m[0;34m[0m[0;34m[0m[0m
[1;32m      4[0m [0;32mfrom[0m [0;34m.[0m [0;32mimport[0m [0mnumpy_vspaces[0m[0;34m[0m[0;34m[0m[0m
[1;32m      5[0m [0;32mfrom[0m [0;34m.[0m [0;32mimport[0m [0mnumpy_vjps[0m[0;34m[0m[0;34m[0m[0m

[0;32m~/.pyenv/versions/3.8.5/lib/python3.8/site-packages/autograd/numpy/numpy_wrapper.py[0m in [0;36m<module>[0;34m[0m
[1;32m     29[0m             [0mnew[0m[0;34m[[0m[0mname[0m[0;34m][0m [0;34m=[0m [0mobj[0m[0;34m[0m[0;34m[0m[0m
[1;32m     30[0m [0;34m[0m[0m
[0;32m---> 31[0;31m [0mwrap_namespace[0m[0;34m([0m[0m_np[0m[0;34m.[0m[0m__dict__[0m[0;34m,[0m [0mglobals[0m[0;34m([0m[0;34m)[0m[0;34m)[0m[0;34m[0m[0;34m[0m[0m
[0m[1;32m     32[0m [0;34m[0m[0m
[1;32m     33[0m [0;31m# ----- Special treatment of list-input functions -----[0m[0;34m[0m[0;34m[0m[0;34m[0m[0m

[0;32m~/.pyenv/versions/3.8.5/lib/python3.8/site-packages/autograd/numpy/numpy_wrapper.py[0m in [0;36mwrap_namespace[0;34m(old, new)[0m
[1;32m     18[0m [0;32mdef[0m [0mwrap_namespace[0m[0;34m([0m[0mold[0m[0;34m,[0m [0mnew[0m[0;34m)[0m[0;34m:[0m[0;34m[0m[0;34m[0m[0m
[1;32m     19[0m     [0munchanged_types[0m [0;34m=[0m [0;34m{[0m[0mfloat[0m[0;34m,[0m [0mint[0m[0;34m,[0m [0mtype[0m[0;34m([0m[0;32mNone[0m[0;34m)[0m[0;34m,[0m [0mtype[0m[0;34m}[0m[0;34m[0m[0;34m[0m[0m
[0;32m---> 20[0;31m     [0mint_types[0m [0;34m=[0m [0;34m{[0m[0m_np[0m[0;34m.[0m[0mint[0m[0;34m,[0m [0m_np[0m[0;34m.[0m[0mint8[0m[0;34m,[0m [0m_np[0m[0;34m.[0m[0mint16[0m[0;34m,[0m [0m_np[0m[0;34m.[0m[0mint32[0m[0;34m,[0m [0m_np[0m[0;34m.[0m[0mint64[0m[0;34m,[0m [0m_np[0m[0;34m.[0m[0minteger[0m[0;34m}[0m[0;34m[0m[0;34m[0m[0m
[0m[1;32m     21[0m     [0;32mfor[0m [0mname[0m[0;34m,[0m [0mobj[0m [0;32min[0m [0mold[0m[0;34m.[0m[0mitems[0m[0;34m([0m[0;34m)[0m[0;34m:[0m[0;34m[0m[0;34m[0m[0m
[1;32m     22[0m         [0;32mif[0m [0mobj[0m [0;32min[0m [0mnotrace_functions[0m[0;34m:[0m[0;34m[0m[0;34m[0m[0m

[0;32m~/.pyenv/versions/3.8.5/lib/python3.8/site-packages/numpy/__init__.py[0m in [0;36m__getattr__[0;34m(attr)[0m
[1;32m    303[0m [0;34m[0m[0m
[1;32m    304[0m         [0;32mif[0m [0mattr[0m [0;32min[0m [0m__former_attrs__[0m[0;34m:[0m[0;34m[0m[0;34m[0m[0m
[0;32m--> 305[0;31m             [0;32mraise[0m [0mAttributeError[0m[0;34m([0m[0m__former_attrs__[0m[0;34m[[0m[0mattr[0m[0;34m][0m[0;34m)[0m[0;34m[0m[0;34m[0m[0m
[0m[1;32m    306[0m [0;34m[0m[0m
[1;32m    307[0m         [0;31m# Importing Tester requires importing all of UnitTest which is not a[0m[0;34m[0m[0;34m[0m[0;34m[0m[0m

[0;31mAttributeError[0m: module 'numpy' has no attribute 'int'.
`np.int` was a deprecated alias for the builtin `int`. To avoid this error in existing code, use `int` by itself. Doing this will not modify any behavior and is safe. When replacing `np.int`, you may wish to use e.g. `np.int64` or `np.int32` to specify the precision. If you wish to review your current use, check the release note link for additional information.
The aliases was originally deprecated in NumPy 1.20; for more details and guidance see the original release note at:
    https://numpy.org/devdocs/release/1.20.0-notes.html#deprecations
AttributeError: module 'numpy' has no attribute 'int'.
`np.int` was a deprecated alias for the builtin `int`. To avoid this error in existing code, use `int` by itself. Doing this will not modify any behavior and is safe. When replacing `np.int`, you may wish to use e.g. `np.int64` or `np.int32` to specify the precision. If you wish to review your current use, check the release note link for additional information.
The aliases was originally deprecated in NumPy 1.20; for more details and guidance see the original release note at:
    https://numpy.org/devdocs/release/1.20.0-notes.html#deprecations

