Traceback (most recent call last):
  File "/Users/kt_imacpro/.pyenv/versions/3.8.5/lib/python3.8/site-packages/jupyter_cache/executors/utils.py", line 58, in single_nb_execution
    executenb(
  File "/Users/kt_imacpro/.pyenv/versions/3.8.5/lib/python3.8/site-packages/nbclient/client.py", line 1082, in execute
    return NotebookClient(nb=nb, resources=resources, km=km, **kwargs).execute()
  File "/Users/kt_imacpro/.pyenv/versions/3.8.5/lib/python3.8/site-packages/nbclient/util.py", line 74, in wrapped
    return just_run(coro(*args, **kwargs))
  File "/Users/kt_imacpro/.pyenv/versions/3.8.5/lib/python3.8/site-packages/nbclient/util.py", line 53, in just_run
    return loop.run_until_complete(coro)
  File "/Users/kt_imacpro/.pyenv/versions/3.8.5/lib/python3.8/asyncio/base_events.py", line 616, in run_until_complete
    return future.result()
  File "/Users/kt_imacpro/.pyenv/versions/3.8.5/lib/python3.8/site-packages/nbclient/client.py", line 535, in async_execute
    await self.async_execute_cell(
  File "/Users/kt_imacpro/.pyenv/versions/3.8.5/lib/python3.8/site-packages/nbclient/client.py", line 827, in async_execute_cell
    self._check_raise_for_error(cell, exec_reply)
  File "/Users/kt_imacpro/.pyenv/versions/3.8.5/lib/python3.8/site-packages/nbclient/client.py", line 735, in _check_raise_for_error
    raise CellExecutionError.from_cell_and_msg(cell, exec_reply['content'])
nbclient.exceptions.CellExecutionError: An error occurred while executing the following cell:
------------------
from pydeseq2.dds import DeseqDataSet
from pydeseq2.utils import load_example_data
from pydeseq2.default_inference import DefaultInference
from pydeseq2.ds import DeseqStats
------------------

[0;31m---------------------------------------------------------------------------[0m
[0;31mModuleNotFoundError[0m                       Traceback (most recent call last)
[0;32m<ipython-input-1-88cb5f5b1fed>[0m in [0;36m<module>[0;34m[0m
[0;32m----> 1[0;31m [0;32mfrom[0m [0mpydeseq2[0m[0;34m.[0m[0mdds[0m [0;32mimport[0m [0mDeseqDataSet[0m[0;34m[0m[0;34m[0m[0m
[0m[1;32m      2[0m [0;32mfrom[0m [0mpydeseq2[0m[0;34m.[0m[0mutils[0m [0;32mimport[0m [0mload_example_data[0m[0;34m[0m[0;34m[0m[0m
[1;32m      3[0m [0;32mfrom[0m [0mpydeseq2[0m[0;34m.[0m[0mdefault_inference[0m [0;32mimport[0m [0mDefaultInference[0m[0;34m[0m[0;34m[0m[0m
[1;32m      4[0m [0;32mfrom[0m [0mpydeseq2[0m[0;34m.[0m[0mds[0m [0;32mimport[0m [0mDeseqStats[0m[0;34m[0m[0;34m[0m[0m

[0;31mModuleNotFoundError[0m: No module named 'pydeseq2'
ModuleNotFoundError: No module named 'pydeseq2'

