Traceback (most recent call last):
  File "/Users/kt_imacpro/.pyenv/versions/3.8.5/lib/python3.8/site-packages/jupyter_cache/executors/utils.py", line 58, in single_nb_execution
    executenb(
  File "/Users/kt_imacpro/.pyenv/versions/3.8.5/lib/python3.8/site-packages/nbclient/client.py", line 1082, in execute
    return NotebookClient(nb=nb, resources=resources, km=km, **kwargs).execute()
  File "/Users/kt_imacpro/.pyenv/versions/3.8.5/lib/python3.8/site-packages/nbclient/util.py", line 74, in wrapped
    return just_run(coro(*args, **kwargs))
  File "/Users/kt_imacpro/.pyenv/versions/3.8.5/lib/python3.8/site-packages/nbclient/util.py", line 53, in just_run
    return loop.run_until_complete(coro)
  File "/Users/kt_imacpro/.pyenv/versions/3.8.5/lib/python3.8/asyncio/base_events.py", line 616, in run_until_complete
    return future.result()
  File "/Users/kt_imacpro/.pyenv/versions/3.8.5/lib/python3.8/site-packages/nbclient/client.py", line 535, in async_execute
    await self.async_execute_cell(
  File "/Users/kt_imacpro/.pyenv/versions/3.8.5/lib/python3.8/site-packages/nbclient/client.py", line 827, in async_execute_cell
    self._check_raise_for_error(cell, exec_reply)
  File "/Users/kt_imacpro/.pyenv/versions/3.8.5/lib/python3.8/site-packages/nbclient/client.py", line 735, in _check_raise_for_error
    raise CellExecutionError.from_cell_and_msg(cell, exec_reply['content'])
nbclient.exceptions.CellExecutionError: An error occurred while executing the following cell:
------------------
import pandas as pd
df = pd.read_table('jhu-usc.edu_LUSC.HumanMethylation450.4.lvl-3.TCGA-43-6771-01A-11D-1818-05.gdc_hg38.txt')
------------------

[0;31m---------------------------------------------------------------------------[0m
[0;31mFileNotFoundError[0m                         Traceback (most recent call last)
[0;32m<ipython-input-9-446703a1edb7>[0m in [0;36m<module>[0;34m[0m
[1;32m      1[0m [0;32mimport[0m [0mpandas[0m [0;32mas[0m [0mpd[0m[0;34m[0m[0;34m[0m[0m
[0;32m----> 2[0;31m [0mdf[0m [0;34m=[0m [0mpd[0m[0;34m.[0m[0mread_table[0m[0;34m([0m[0;34m'jhu-usc.edu_LUSC.HumanMethylation450.4.lvl-3.TCGA-43-6771-01A-11D-1818-05.gdc_hg38.txt'[0m[0;34m)[0m[0;34m[0m[0;34m[0m[0m
[0m
[0;32m~/.pyenv/versions/3.8.5/lib/python3.8/site-packages/pandas/io/parsers/readers.py[0m in [0;36mread_table[0;34m(filepath_or_buffer, sep, delimiter, header, names, index_col, usecols, dtype, engine, converters, true_values, false_values, skipinitialspace, skiprows, skipfooter, nrows, na_values, keep_default_na, na_filter, verbose, skip_blank_lines, parse_dates, infer_datetime_format, keep_date_col, date_parser, date_format, dayfirst, cache_dates, iterator, chunksize, compression, thousands, decimal, lineterminator, quotechar, quoting, doublequote, escapechar, comment, encoding, encoding_errors, dialect, on_bad_lines, delim_whitespace, low_memory, memory_map, float_precision, storage_options, dtype_backend)[0m
[1;32m   1240[0m     [0mkwds[0m[0;34m.[0m[0mupdate[0m[0;34m([0m[0mkwds_defaults[0m[0;34m)[0m[0;34m[0m[0;34m[0m[0m
[1;32m   1241[0m [0;34m[0m[0m
[0;32m-> 1242[0;31m     [0;32mreturn[0m [0m_read[0m[0;34m([0m[0mfilepath_or_buffer[0m[0;34m,[0m [0mkwds[0m[0;34m)[0m[0;34m[0m[0;34m[0m[0m
[0m[1;32m   1243[0m [0;34m[0m[0m
[1;32m   1244[0m [0;34m[0m[0m

[0;32m~/.pyenv/versions/3.8.5/lib/python3.8/site-packages/pandas/io/parsers/readers.py[0m in [0;36m_read[0;34m(filepath_or_buffer, kwds)[0m
[1;32m    575[0m [0;34m[0m[0m
[1;32m    576[0m     [0;31m# Create the parser.[0m[0;34m[0m[0;34m[0m[0;34m[0m[0m
[0;32m--> 577[0;31m     [0mparser[0m [0;34m=[0m [0mTextFileReader[0m[0;34m([0m[0mfilepath_or_buffer[0m[0;34m,[0m [0;34m**[0m[0mkwds[0m[0;34m)[0m[0;34m[0m[0;34m[0m[0m
[0m[1;32m    578[0m [0;34m[0m[0m
[1;32m    579[0m     [0;32mif[0m [0mchunksize[0m [0;32mor[0m [0miterator[0m[0;34m:[0m[0;34m[0m[0;34m[0m[0m

[0;32m~/.pyenv/versions/3.8.5/lib/python3.8/site-packages/pandas/io/parsers/readers.py[0m in [0;36m__init__[0;34m(self, f, engine, **kwds)[0m
[1;32m   1405[0m [0;34m[0m[0m
[1;32m   1406[0m         [0mself[0m[0;34m.[0m[0mhandles[0m[0;34m:[0m [0mIOHandles[0m [0;34m|[0m [0;32mNone[0m [0;34m=[0m [0;32mNone[0m[0;34m[0m[0;34m[0m[0m
[0;32m-> 1407[0;31m         [0mself[0m[0;34m.[0m[0m_engine[0m [0;34m=[0m [0mself[0m[0;34m.[0m[0m_make_engine[0m[0;34m([0m[0mf[0m[0;34m,[0m [0mself[0m[0;34m.[0m[0mengine[0m[0;34m)[0m[0;34m[0m[0;34m[0m[0m
[0m[1;32m   1408[0m [0;34m[0m[0m
[1;32m   1409[0m     [0;32mdef[0m [0mclose[0m[0;34m([0m[0mself[0m[0;34m)[0m [0;34m->[0m [0;32mNone[0m[0;34m:[0m[0;34m[0m[0;34m[0m[0m

[0;32m~/.pyenv/versions/3.8.5/lib/python3.8/site-packages/pandas/io/parsers/readers.py[0m in [0;36m_make_engine[0;34m(self, f, engine)[0m
[1;32m   1659[0m                 [0;32mif[0m [0;34m"b"[0m [0;32mnot[0m [0;32min[0m [0mmode[0m[0;34m:[0m[0;34m[0m[0;34m[0m[0m
[1;32m   1660[0m                     [0mmode[0m [0;34m+=[0m [0;34m"b"[0m[0;34m[0m[0;34m[0m[0m
[0;32m-> 1661[0;31m             self.handles = get_handle(
[0m[1;32m   1662[0m                 [0mf[0m[0;34m,[0m[0;34m[0m[0;34m[0m[0m
[1;32m   1663[0m                 [0mmode[0m[0;34m,[0m[0;34m[0m[0;34m[0m[0m

[0;32m~/.pyenv/versions/3.8.5/lib/python3.8/site-packages/pandas/io/common.py[0m in [0;36mget_handle[0;34m(path_or_buf, mode, encoding, compression, memory_map, is_text, errors, storage_options)[0m
[1;32m    857[0m         [0;32mif[0m [0mioargs[0m[0;34m.[0m[0mencoding[0m [0;32mand[0m [0;34m"b"[0m [0;32mnot[0m [0;32min[0m [0mioargs[0m[0;34m.[0m[0mmode[0m[0;34m:[0m[0;34m[0m[0;34m[0m[0m
[1;32m    858[0m             [0;31m# Encoding[0m[0;34m[0m[0;34m[0m[0;34m[0m[0m
[0;32m--> 859[0;31m             handle = open(
[0m[1;32m    860[0m                 [0mhandle[0m[0;34m,[0m[0;34m[0m[0;34m[0m[0m
[1;32m    861[0m                 [0mioargs[0m[0;34m.[0m[0mmode[0m[0;34m,[0m[0;34m[0m[0;34m[0m[0m

[0;31mFileNotFoundError[0m: [Errno 2] No such file or directory: 'jhu-usc.edu_LUSC.HumanMethylation450.4.lvl-3.TCGA-43-6771-01A-11D-1818-05.gdc_hg38.txt'
FileNotFoundError: [Errno 2] No such file or directory: 'jhu-usc.edu_LUSC.HumanMethylation450.4.lvl-3.TCGA-43-6771-01A-11D-1818-05.gdc_hg38.txt'

